<?xml version="1.0" encoding="UTF-8"?>
<testsuite xmlns:xsi="http://www.w3.org/2001/XMLSchema-instance" xsi:noNamespaceSchemaLocation="https://maven.apache.org/surefire/maven-surefire-plugin/xsd/surefire-test-report.xsd" name="com.tanhua.server.test.DemoTest" time="0.128" tests="2" errors="0" skipped="0" failures="0">
  <properties>
[...]
</properties>
  <testcase name="demo1" classname="com.tanhua.server.test.DemoTest" time="0.007"/>
  <testcase name="demo2" classname="com.tanhua.server.test.DemoTest" time="0.072"/>
</testsuite>